<?xml version='1.0' encoding='UTF-8' ?>
<testsuite name="tests.AppTests" tests="16" failures="8" errors="0" skipped="0" time="107.985" timestamp="2021-03-09T14:08:47" hostname="localhost">
  <properties>
    <property name="device" value="Pixel_3a_API_28(AVD) - 9" />
    <property name="flavor" value="" />
    <property name="project" value="app" />
  </properties>
  <testcase name="checkSearchForUnrealCity" classname="tests.AppTests" time="7.603" />
  <testcase name="checkSearchResultIsSortedAlphabetically" classname="tests.AppTests" time="4.143">
    <failure>junit.framework.AssertionFailedError: Search results are not ordered alphabetically
at junit.framework.Assert.fail(Assert.java:50)
at junit.framework.Assert.assertTrue(Assert.java:20)
at tests.AppTests.checkSearchResultIsSortedAlphabetically(AppTests.java:65)
at java.lang.reflect.Method.invoke(Native Method)
at org.junit.runners.model.FrameworkMethod$1.runReflectiveCall(FrameworkMethod.java:59)
at org.junit.internal.runners.model.ReflectiveCallable.run(ReflectiveCallable.java:12)
at org.junit.runners.model.FrameworkMethod.invokeExplosively(FrameworkMethod.java:56)
at org.junit.internal.runners.statements.InvokeMethod.evaluate(InvokeMethod.java:17)
at androidx.test.internal.runner.junit4.statement.RunBefores.evaluate(RunBefores.java:80)
at androidx.test.rule.ActivityTestRule$ActivityStatement.evaluate(ActivityTestRule.java:549)
at org.junit.runners.ParentRunner$3.evaluate(ParentRunner.java:306)
at org.junit.runners.BlockJUnit4ClassRunner$1.evaluate(BlockJUnit4ClassRunner.java:100)
at org.junit.runners.ParentRunner.runLeaf(ParentRunner.java:366)
at org.junit.runners.BlockJUnit4ClassRunner.runChild(BlockJUnit4ClassRunner.java:103)
at org.junit.runners.BlockJUnit4ClassRunner.runChild(BlockJUnit4ClassRunner.java:63)
at org.junit.runners.ParentRunner$4.run(ParentRunner.java:331)
at org.junit.runners.ParentRunner$1.schedule(ParentRunner.java:79)
at org.junit.runners.ParentRunner.runChildren(ParentRunner.java:329)
at org.junit.runners.ParentRunner.access$100(ParentRunner.java:66)
at org.junit.runners.ParentRunner$2.evaluate(ParentRunner.java:293)
at org.junit.runners.ParentRunner$3.evaluate(ParentRunner.java:306)
at org.junit.runners.ParentRunner.run(ParentRunner.java:413)
at org.junit.runners.Suite.runChild(Suite.java:128)
at org.junit.runners.Suite.runChild(Suite.java:27)
at org.junit.runners.ParentRunner$4.run(ParentRunner.java:331)
at org.junit.runners.ParentRunner$1.schedule(ParentRunner.java:79)
at org.junit.runners.ParentRunner.runChildren(ParentRunner.java:329)
at org.junit.runners.ParentRunner.access$100(ParentRunner.java:66)
at org.junit.runners.ParentRunner$2.evaluate(ParentRunner.java:293)
at org.junit.runners.ParentRunner$3.evaluate(ParentRunner.java:306)
at org.junit.runners.ParentRunner.run(ParentRunner.java:413)
at org.junit.runner.JUnitCore.run(JUnitCore.java:137)
at org.junit.runner.JUnitCore.run(JUnitCore.java:115)
at androidx.test.internal.runner.TestExecutor.execute(TestExecutor.java:56)
at androidx.test.runner.AndroidJUnitRunner.onStart(AndroidJUnitRunner.java:395)
at android.app.Instrumentation$InstrumentationThread.run(Instrumentation.java:2145)
</failure>
  </testcase>
  <testcase name="checkCapitalisationDoesNotAffect" classname="tests.AppTests" time="5.759" />
  <testcase name="checkBackButton" classname="tests.AppTests" time="3.718" />
  <testcase name="appCanBeOpened" classname="tests.AppTests" time="3.374" />
  <testcase name="checkCitiesListIsSortedAlphabetically" classname="tests.AppTests" time="2.059">
    <failure>junit.framework.AssertionFailedError: Default cities list are not ordered alphabetically
at junit.framework.Assert.fail(Assert.java:50)
at junit.framework.Assert.assertTrue(Assert.java:20)
at tests.AppTests.checkCitiesListIsSortedAlphabetically(AppTests.java:57)
at java.lang.reflect.Method.invoke(Native Method)
at org.junit.runners.model.FrameworkMethod$1.runReflectiveCall(FrameworkMethod.java:59)
at org.junit.internal.runners.model.ReflectiveCallable.run(ReflectiveCallable.java:12)
at org.junit.runners.model.FrameworkMethod.invokeExplosively(FrameworkMethod.java:56)
at org.junit.internal.runners.statements.InvokeMethod.evaluate(InvokeMethod.java:17)
at androidx.test.internal.runner.junit4.statement.RunBefores.evaluate(RunBefores.java:80)
at androidx.test.rule.ActivityTestRule$ActivityStatement.evaluate(ActivityTestRule.java:549)
at org.junit.runners.ParentRunner$3.evaluate(ParentRunner.java:306)
at org.junit.runners.BlockJUnit4ClassRunner$1.evaluate(BlockJUnit4ClassRunner.java:100)
at org.junit.runners.ParentRunner.runLeaf(ParentRunner.java:366)
at org.junit.runners.BlockJUnit4ClassRunner.runChild(BlockJUnit4ClassRunner.java:103)
at org.junit.runners.BlockJUnit4ClassRunner.runChild(BlockJUnit4ClassRunner.java:63)
at org.junit.runners.ParentRunner$4.run(ParentRunner.java:331)
at org.junit.runners.ParentRunner$1.schedule(ParentRunner.java:79)
at org.junit.runners.ParentRunner.runChildren(ParentRunner.java:329)
at org.junit.runners.ParentRunner.access$100(ParentRunner.java:66)
at org.junit.runners.ParentRunner$2.evaluate(ParentRunner.java:293)
at org.junit.runners.ParentRunner$3.evaluate(ParentRunner.java:306)
at org.junit.runners.ParentRunner.run(ParentRunner.java:413)
at org.junit.runners.Suite.runChild(Suite.java:128)
at org.junit.runners.Suite.runChild(Suite.java:27)
at org.junit.runners.ParentRunner$4.run(ParentRunner.java:331)
at org.junit.runners.ParentRunner$1.schedule(ParentRunner.java:79)
at org.junit.runners.ParentRunner.runChildren(ParentRunner.java:329)
at org.junit.runners.ParentRunner.access$100(ParentRunner.java:66)
at org.junit.runners.ParentRunner$2.evaluate(ParentRunner.java:293)
at org.junit.runners.ParentRunner$3.evaluate(ParentRunner.java:306)
at org.junit.runners.ParentRunner.run(ParentRunner.java:413)
at org.junit.runner.JUnitCore.run(JUnitCore.java:137)
at org.junit.runner.JUnitCore.run(JUnitCore.java:115)
at androidx.test.internal.runner.TestExecutor.execute(TestExecutor.java:56)
at androidx.test.runner.AndroidJUnitRunner.onStart(AndroidJUnitRunner.java:395)
at android.app.Instrumentation$InstrumentationThread.run(Instrumentation.java:2145)
</failure>
  </testcase>
  <testcase name="checkDeviceOrientationChangingOnMain" classname="tests.AppTests" time="2.227">
    <failure>java.lang.NullPointerException: Attempt to invoke virtual method 'android.widget.Filter app.com.mobileassignment.views.adapters.CityAdapter.getFilter()' on a null object reference
at app.com.mobileassignment.views.MainActivity.onTextChanged(MainActivity.java:60)
at android.widget.TextView.sendOnTextChanged(TextView.java:9754)
at android.widget.TextView.setText(TextView.java:5733)
at android.widget.TextView.setText(TextView.java:5571)
at android.widget.EditText.setText(EditText.java:122)
at android.widget.TextView.setText(TextView.java:5528)
at android.widget.TextView.onRestoreInstanceState(TextView.java:5396)
at android.view.View.dispatchRestoreInstanceState(View.java:18608)
at android.view.ViewGroup.dispatchRestoreInstanceState(ViewGroup.java:3827)
at android.view.ViewGroup.dispatchRestoreInstanceState(ViewGroup.java:3827)
at android.view.ViewGroup.dispatchRestoreInstanceState(ViewGroup.java:3827)
at android.view.ViewGroup.dispatchRestoreInstanceState(ViewGroup.java:3827)
at android.view.ViewGroup.dispatchRestoreInstanceState(ViewGroup.java:3827)
at android.view.View.restoreHierarchyState(View.java:18586)
at com.android.internal.policy.PhoneWindow.restoreHierarchyState(PhoneWindow.java:2135)
at android.app.Activity.onRestoreInstanceState(Activity.java:1135)
at android.app.Activity.performRestoreInstanceState(Activity.java:1090)
at android.app.Instrumentation.callActivityOnRestoreInstanceState(Instrumentation.java:1317)
at android.app.ActivityThread.handleStartActivity(ActivityThread.java:2953)
at android.app.servertransaction.TransactionExecutor.performLifecycleSequence(TransactionExecutor.java:180)
at android.app.servertransaction.TransactionExecutor.cycleToPath(TransactionExecutor.java:165)
at android.app.servertransaction.TransactionExecutor.executeLifecycleState(TransactionExecutor.java:142)
at android.app.servertransaction.TransactionExecutor.execute(TransactionExecutor.java:70)
at android.app.ActivityThread$H.handleMessage(ActivityThread.java:1808)
at android.os.Handler.dispatchMessage(Handler.java:106)
at androidx.test.espresso.base.Interrogator.loopAndInterrogate(Interrogator.java:53)
at androidx.test.espresso.base.UiControllerImpl.loopUntil(UiControllerImpl.java:155)
at androidx.test.espresso.base.UiControllerImpl.loopMainThreadUntilIdle(UiControllerImpl.java:129)
at androidx.test.espresso.ViewInteraction$2.call(ViewInteraction.java:3)
at androidx.test.espresso.ViewInteraction$2.call(ViewInteraction.java:2)
at java.util.concurrent.FutureTask.run(FutureTask.java:266)
at android.os.Handler.handleCallback(Handler.java:873)
at android.os.Handler.dispatchMessage(Handler.java:99)
at android.os.Looper.loop(Looper.java:193)
at android.app.ActivityThread.main(ActivityThread.java:6669)
at java.lang.reflect.Method.invoke(Native Method)
at com.android.internal.os.RuntimeInit$MethodAndArgsCaller.run(RuntimeInit.java:493)
at com.android.internal.os.ZygoteInit.main(ZygoteInit.java:858)
</failure>
  </testcase>
  <testcase name="checkForDuplicateCities" classname="tests.AppTests" time="4.665">
    <failure>junit.framework.AssertionFailedError: Cities list contains duplicate cities expected:&lt;77&gt; but was:&lt;92&gt;
at junit.framework.Assert.fail(Assert.java:50)
at junit.framework.Assert.failNotEquals(Assert.java:287)
at junit.framework.Assert.assertEquals(Assert.java:67)
at junit.framework.Assert.assertEquals(Assert.java:199)
at tests.AppTests.checkForDuplicateCities(AppTests.java:145)
at java.lang.reflect.Method.invoke(Native Method)
at org.junit.runners.model.FrameworkMethod$1.runReflectiveCall(FrameworkMethod.java:59)
at org.junit.internal.runners.model.ReflectiveCallable.run(ReflectiveCallable.java:12)
at org.junit.runners.model.FrameworkMethod.invokeExplosively(FrameworkMethod.java:56)
at org.junit.internal.runners.statements.InvokeMethod.evaluate(InvokeMethod.java:17)
at androidx.test.internal.runner.junit4.statement.RunBefores.evaluate(RunBefores.java:80)
at androidx.test.rule.ActivityTestRule$ActivityStatement.evaluate(ActivityTestRule.java:549)
at org.junit.runners.ParentRunner$3.evaluate(ParentRunner.java:306)
at org.junit.runners.BlockJUnit4ClassRunner$1.evaluate(BlockJUnit4ClassRunner.java:100)
at org.junit.runners.ParentRunner.runLeaf(ParentRunner.java:366)
at org.junit.runners.BlockJUnit4ClassRunner.runChild(BlockJUnit4ClassRunner.java:103)
at org.junit.runners.BlockJUnit4ClassRunner.runChild(BlockJUnit4ClassRunner.java:63)
at org.junit.runners.ParentRunner$4.run(ParentRunner.java:331)
at org.junit.runners.ParentRunner$1.schedule(ParentRunner.java:79)
at org.junit.runners.ParentRunner.runChildren(ParentRunner.java:329)
at org.junit.runners.ParentRunner.access$100(ParentRunner.java:66)
at org.junit.runners.ParentRunner$2.evaluate(ParentRunner.java:293)
at org.junit.runners.ParentRunner$3.evaluate(ParentRunner.java:306)
at org.junit.runners.ParentRunner.run(ParentRunner.java:413)
at org.junit.runners.Suite.runChild(Suite.java:128)
at org.junit.runners.Suite.runChild(Suite.java:27)
at org.junit.runners.ParentRunner$4.run(ParentRunner.java:331)
at org.junit.runners.ParentRunner$1.schedule(ParentRunner.java:79)
at org.junit.runners.ParentRunner.runChildren(ParentRunner.java:329)
at org.junit.runners.ParentRunner.access$100(ParentRunner.java:66)
at org.junit.runners.ParentRunner$2.evaluate(ParentRunner.java:293)
at org.junit.runners.ParentRunner$3.evaluate(ParentRunner.java:306)
at org.junit.runners.ParentRunner.run(ParentRunner.java:413)
at org.junit.runner.JUnitCore.run(JUnitCore.java:137)
at org.junit.runner.JUnitCore.run(JUnitCore.java:115)
at androidx.test.internal.runner.TestExecutor.execute(TestExecutor.java:56)
at androidx.test.runner.AndroidJUnitRunner.onStart(AndroidJUnitRunner.java:395)
at android.app.Instrumentation$InstrumentationThread.run(Instrumentation.java:2145)
</failure>
  </testcase>
  <testcase name="checkCitiesListAfterCleaningSearchIsSortedAlphabetically" classname="tests.AppTests" time="4.562">
    <failure>junit.framework.AssertionFailedError: Cities list after clearing search are not ordered alphabetically
at junit.framework.Assert.fail(Assert.java:50)
at junit.framework.Assert.assertTrue(Assert.java:20)
at tests.AppTests.checkCitiesListAfterCleaningSearchIsSortedAlphabetically(AppTests.java:73)
at java.lang.reflect.Method.invoke(Native Method)
at org.junit.runners.model.FrameworkMethod$1.runReflectiveCall(FrameworkMethod.java:59)
at org.junit.internal.runners.model.ReflectiveCallable.run(ReflectiveCallable.java:12)
at org.junit.runners.model.FrameworkMethod.invokeExplosively(FrameworkMethod.java:56)
at org.junit.internal.runners.statements.InvokeMethod.evaluate(InvokeMethod.java:17)
at androidx.test.internal.runner.junit4.statement.RunBefores.evaluate(RunBefores.java:80)
at androidx.test.rule.ActivityTestRule$ActivityStatement.evaluate(ActivityTestRule.java:549)
at org.junit.runners.ParentRunner$3.evaluate(ParentRunner.java:306)
at org.junit.runners.BlockJUnit4ClassRunner$1.evaluate(BlockJUnit4ClassRunner.java:100)
at org.junit.runners.ParentRunner.runLeaf(ParentRunner.java:366)
at org.junit.runners.BlockJUnit4ClassRunner.runChild(BlockJUnit4ClassRunner.java:103)
at org.junit.runners.BlockJUnit4ClassRunner.runChild(BlockJUnit4ClassRunner.java:63)
at org.junit.runners.ParentRunner$4.run(ParentRunner.java:331)
at org.junit.runners.ParentRunner$1.schedule(ParentRunner.java:79)
at org.junit.runners.ParentRunner.runChildren(ParentRunner.java:329)
at org.junit.runners.ParentRunner.access$100(ParentRunner.java:66)
at org.junit.runners.ParentRunner$2.evaluate(ParentRunner.java:293)
at org.junit.runners.ParentRunner$3.evaluate(ParentRunner.java:306)
at org.junit.runners.ParentRunner.run(ParentRunner.java:413)
at org.junit.runners.Suite.runChild(Suite.java:128)
at org.junit.runners.Suite.runChild(Suite.java:27)
at org.junit.runners.ParentRunner$4.run(ParentRunner.java:331)
at org.junit.runners.ParentRunner$1.schedule(ParentRunner.java:79)
at org.junit.runners.ParentRunner.runChildren(ParentRunner.java:329)
at org.junit.runners.ParentRunner.access$100(ParentRunner.java:66)
at org.junit.runners.ParentRunner$2.evaluate(ParentRunner.java:293)
at org.junit.runners.ParentRunner$3.evaluate(ParentRunner.java:306)
at org.junit.runners.ParentRunner.run(ParentRunner.java:413)
at org.junit.runner.JUnitCore.run(JUnitCore.java:137)
at org.junit.runner.JUnitCore.run(JUnitCore.java:115)
at androidx.test.internal.runner.TestExecutor.execute(TestExecutor.java:56)
at androidx.test.runner.AndroidJUnitRunner.onStart(AndroidJUnitRunner.java:395)
at android.app.Instrumentation$InstrumentationThread.run(Instrumentation.java:2145)
</failure>
  </testcase>
  <testcase name="checkCitiesListIsScrollable" classname="tests.AppTests" time="2.404" />
  <testcase name="checkSearchByNameAndCountry" classname="tests.AppTests" time="7.47">
    <failure>junit.framework.AssertionFailedError: No cities found
at junit.framework.Assert.fail(Assert.java:50)
at junit.framework.Assert.assertTrue(Assert.java:20)
at tests.AppTests.checkSearchByNameAndCountry(AppTests.java:132)
at java.lang.reflect.Method.invoke(Native Method)
at org.junit.runners.model.FrameworkMethod$1.runReflectiveCall(FrameworkMethod.java:59)
at org.junit.internal.runners.model.ReflectiveCallable.run(ReflectiveCallable.java:12)
at org.junit.runners.model.FrameworkMethod.invokeExplosively(FrameworkMethod.java:56)
at org.junit.internal.runners.statements.InvokeMethod.evaluate(InvokeMethod.java:17)
at androidx.test.internal.runner.junit4.statement.RunBefores.evaluate(RunBefores.java:80)
at androidx.test.rule.ActivityTestRule$ActivityStatement.evaluate(ActivityTestRule.java:549)
at org.junit.runners.ParentRunner$3.evaluate(ParentRunner.java:306)
at org.junit.runners.BlockJUnit4ClassRunner$1.evaluate(BlockJUnit4ClassRunner.java:100)
at org.junit.runners.ParentRunner.runLeaf(ParentRunner.java:366)
at org.junit.runners.BlockJUnit4ClassRunner.runChild(BlockJUnit4ClassRunner.java:103)
at org.junit.runners.BlockJUnit4ClassRunner.runChild(BlockJUnit4ClassRunner.java:63)
at org.junit.runners.ParentRunner$4.run(ParentRunner.java:331)
at org.junit.runners.ParentRunner$1.schedule(ParentRunner.java:79)
at org.junit.runners.ParentRunner.runChildren(ParentRunner.java:329)
at org.junit.runners.ParentRunner.access$100(ParentRunner.java:66)
at org.junit.runners.ParentRunner$2.evaluate(ParentRunner.java:293)
at org.junit.runners.ParentRunner$3.evaluate(ParentRunner.java:306)
at org.junit.runners.ParentRunner.run(ParentRunner.java:413)
at org.junit.runners.Suite.runChild(Suite.java:128)
at org.junit.runners.Suite.runChild(Suite.java:27)
at org.junit.runners.ParentRunner$4.run(ParentRunner.java:331)
at org.junit.runners.ParentRunner$1.schedule(ParentRunner.java:79)
at org.junit.runners.ParentRunner.runChildren(ParentRunner.java:329)
at org.junit.runners.ParentRunner.access$100(ParentRunner.java:66)
at org.junit.runners.ParentRunner$2.evaluate(ParentRunner.java:293)
at org.junit.runners.ParentRunner$3.evaluate(ParentRunner.java:306)
at org.junit.runners.ParentRunner.run(ParentRunner.java:413)
at org.junit.runner.JUnitCore.run(JUnitCore.java:137)
at org.junit.runner.JUnitCore.run(JUnitCore.java:115)
at androidx.test.internal.runner.TestExecutor.execute(TestExecutor.java:56)
at androidx.test.runner.AndroidJUnitRunner.onStart(AndroidJUnitRunner.java:395)
at android.app.Instrumentation$InstrumentationThread.run(Instrumentation.java:2145)
</failure>
  </testcase>
  <testcase name="checkSearchResultIsScrollable" classname="tests.AppTests" time="5.821" />
  <testcase name="checkSearchByName" classname="tests.AppTests" time="5.233" />
  <testcase name="checkDeviceOrientationChangingOnMap" classname="tests.AppTests" time="22.117">
    <failure>java.lang.NullPointerException: Attempt to invoke virtual method 'android.widget.Filter app.com.mobileassignment.views.adapters.CityAdapter.getFilter()' on a null object reference
at app.com.mobileassignment.views.MainActivity.onTextChanged(MainActivity.java:60)
at android.widget.TextView.sendOnTextChanged(TextView.java:9754)
at android.widget.TextView.setText(TextView.java:5733)
at android.widget.TextView.setText(TextView.java:5571)
at android.widget.EditText.setText(EditText.java:122)
at android.widget.TextView.setText(TextView.java:5528)
at android.widget.TextView.onRestoreInstanceState(TextView.java:5396)
at android.view.View.dispatchRestoreInstanceState(View.java:18608)
at android.view.ViewGroup.dispatchRestoreInstanceState(ViewGroup.java:3827)
at android.view.ViewGroup.dispatchRestoreInstanceState(ViewGroup.java:3827)
at android.view.ViewGroup.dispatchRestoreInstanceState(ViewGroup.java:3827)
at android.view.ViewGroup.dispatchRestoreInstanceState(ViewGroup.java:3827)
at android.view.ViewGroup.dispatchRestoreInstanceState(ViewGroup.java:3827)
at android.view.View.restoreHierarchyState(View.java:18586)
at com.android.internal.policy.PhoneWindow.restoreHierarchyState(PhoneWindow.java:2135)
at android.app.Activity.onRestoreInstanceState(Activity.java:1135)
at android.app.Activity.performRestoreInstanceState(Activity.java:1090)
at android.app.Instrumentation.callActivityOnRestoreInstanceState(Instrumentation.java:1317)
at android.app.ActivityThread.handleStartActivity(ActivityThread.java:2953)
at android.app.servertransaction.TransactionExecutor.performLifecycleSequence(TransactionExecutor.java:180)
at android.app.servertransaction.TransactionExecutor.cycleToPath(TransactionExecutor.java:165)
at android.app.servertransaction.TransactionExecutor.executeLifecycleState(TransactionExecutor.java:142)
at android.app.servertransaction.TransactionExecutor.execute(TransactionExecutor.java:70)
at android.app.ActivityThread$H.handleMessage(ActivityThread.java:1808)
at android.os.Handler.dispatchMessage(Handler.java:106)
at android.os.Looper.loop(Looper.java:193)
at android.app.ActivityThread.main(ActivityThread.java:6669)
at java.lang.reflect.Method.invoke(Native Method)
at com.android.internal.os.RuntimeInit$MethodAndArgsCaller.run(RuntimeInit.java:493)
at com.android.internal.os.ZygoteInit.main(ZygoteInit.java:858)
</failure>
  </testcase>
  <testcase name="checkCityCanBeOpenedOnMap" classname="tests.AppTests" time="3.888" />
  <testcase name="checkCitiesListAfterClosingMapIsSortedAlphabetically" classname="tests.AppTests" time="4.094">
    <failure>junit.framework.AssertionFailedError: Cities list after closing map are not ordered alphabetically
at junit.framework.Assert.fail(Assert.java:50)
at junit.framework.Assert.assertTrue(Assert.java:20)
at tests.AppTests.checkCitiesListAfterClosingMapIsSortedAlphabetically(AppTests.java:83)
at java.lang.reflect.Method.invoke(Native Method)
at org.junit.runners.model.FrameworkMethod$1.runReflectiveCall(FrameworkMethod.java:59)
at org.junit.internal.runners.model.ReflectiveCallable.run(ReflectiveCallable.java:12)
at org.junit.runners.model.FrameworkMethod.invokeExplosively(FrameworkMethod.java:56)
at org.junit.internal.runners.statements.InvokeMethod.evaluate(InvokeMethod.java:17)
at androidx.test.internal.runner.junit4.statement.RunBefores.evaluate(RunBefores.java:80)
at androidx.test.rule.ActivityTestRule$ActivityStatement.evaluate(ActivityTestRule.java:549)
at org.junit.runners.ParentRunner$3.evaluate(ParentRunner.java:306)
at org.junit.runners.BlockJUnit4ClassRunner$1.evaluate(BlockJUnit4ClassRunner.java:100)
at org.junit.runners.ParentRunner.runLeaf(ParentRunner.java:366)
at org.junit.runners.BlockJUnit4ClassRunner.runChild(BlockJUnit4ClassRunner.java:103)
at org.junit.runners.BlockJUnit4ClassRunner.runChild(BlockJUnit4ClassRunner.java:63)
at org.junit.runners.ParentRunner$4.run(ParentRunner.java:331)
at org.junit.runners.ParentRunner$1.schedule(ParentRunner.java:79)
at org.junit.runners.ParentRunner.runChildren(ParentRunner.java:329)
at org.junit.runners.ParentRunner.access$100(ParentRunner.java:66)
at org.junit.runners.ParentRunner$2.evaluate(ParentRunner.java:293)
at org.junit.runners.ParentRunner$3.evaluate(ParentRunner.java:306)
at org.junit.runners.ParentRunner.run(ParentRunner.java:413)
at org.junit.runners.Suite.runChild(Suite.java:128)
at org.junit.runners.Suite.runChild(Suite.java:27)
at org.junit.runners.ParentRunner$4.run(ParentRunner.java:331)
at org.junit.runners.ParentRunner$1.schedule(ParentRunner.java:79)
at org.junit.runners.ParentRunner.runChildren(ParentRunner.java:329)
at org.junit.runners.ParentRunner.access$100(ParentRunner.java:66)
at org.junit.runners.ParentRunner$2.evaluate(ParentRunner.java:293)
at org.junit.runners.ParentRunner$3.evaluate(ParentRunner.java:306)
at org.junit.runners.ParentRunner.run(ParentRunner.java:413)
at org.junit.runner.JUnitCore.run(JUnitCore.java:137)
at org.junit.runner.JUnitCore.run(JUnitCore.java:115)
at androidx.test.internal.runner.TestExecutor.execute(TestExecutor.java:56)
at androidx.test.runner.AndroidJUnitRunner.onStart(AndroidJUnitRunner.java:395)
at android.app.Instrumentation$InstrumentationThread.run(Instrumentation.java:2145)
</failure>
  </testcase>
</testsuite>